0 info it worked if it ends with ok
1 verbose cli [ '/usr/local/bin/node', '/usr/local/bin/npm', 'run', 'dev' ]
2 info using npm@4.0.5
3 info using node@v7.1.0
4 verbose run-script [ 'predev', 'dev', 'postdev' ]
5 info lifecycle icjia-simple-webpack@1.0.0~predev: icjia-simple-webpack@1.0.0
6 silly lifecycle icjia-simple-webpack@1.0.0~predev: no script for predev, continuing
7 info lifecycle icjia-simple-webpack@1.0.0~dev: icjia-simple-webpack@1.0.0
8 verbose lifecycle icjia-simple-webpack@1.0.0~dev: unsafe-perm in lifecycle true
9 verbose lifecycle icjia-simple-webpack@1.0.0~dev: PATH: /usr/local/lib/node_modules/npm/bin/node-gyp-bin:/Users/cws/Webdev/icjia-simple-webpack-example/node_modules/.bin:/Library/Frameworks/Python.framework/Versions/3.5/bin:~/.composer/vendor/bin:/Library/Frameworks/Python.framework/Versions/3.4/bin:/Library/Frameworks/Python.framework/Versions/3.4/bin:/Users/cws/.rvm/gems/ruby-2.3.1/bin:/Users/cws/.rvm/gems/ruby-2.3.1@global/bin:/Users/cws/.rvm/rubies/ruby-2.3.1/bin:/usr/local/bin:/usr/bin:/bin:/usr/sbin:/sbin:/Library/Frameworks/Mono.framework/Versions/Current/Commands:/Users/cws/.rvm/bin:/Users/cws/.rvm/bin
10 verbose lifecycle icjia-simple-webpack@1.0.0~dev: CWD: /Users/cws/Webdev/icjia-simple-webpack-example
11 silly lifecycle icjia-simple-webpack@1.0.0~dev: Args: [ '-c',
11 silly lifecycle   'cross-env NODE_ENV=development webpack-dev-server --open --inline --hot' ]
12 silly lifecycle icjia-simple-webpack@1.0.0~dev: Returned: code: 1  signal: null
13 info lifecycle icjia-simple-webpack@1.0.0~dev: Failed to exec dev script
14 verbose stack Error: icjia-simple-webpack@1.0.0 dev: `cross-env NODE_ENV=development webpack-dev-server --open --inline --hot`
14 verbose stack Exit status 1
14 verbose stack     at EventEmitter.<anonymous> (/usr/local/lib/node_modules/npm/lib/utils/lifecycle.js:279:16)
14 verbose stack     at emitTwo (events.js:106:13)
14 verbose stack     at EventEmitter.emit (events.js:191:7)
14 verbose stack     at ChildProcess.<anonymous> (/usr/local/lib/node_modules/npm/lib/utils/spawn.js:40:14)
14 verbose stack     at emitTwo (events.js:106:13)
14 verbose stack     at ChildProcess.emit (events.js:191:7)
14 verbose stack     at maybeClose (internal/child_process.js:885:16)
14 verbose stack     at Process.ChildProcess._handle.onexit (internal/child_process.js:226:5)
15 verbose pkgid icjia-simple-webpack@1.0.0
16 verbose cwd /Users/cws/Webdev/icjia-simple-webpack-example
17 error Darwin 16.3.0
18 error argv "/usr/local/bin/node" "/usr/local/bin/npm" "run" "dev"
19 error node v7.1.0
20 error npm  v4.0.5
21 error code ELIFECYCLE
22 error icjia-simple-webpack@1.0.0 dev: `cross-env NODE_ENV=development webpack-dev-server --open --inline --hot`
22 error Exit status 1
23 error Failed at the icjia-simple-webpack@1.0.0 dev script 'cross-env NODE_ENV=development webpack-dev-server --open --inline --hot'.
23 error Make sure you have the latest version of node.js and npm installed.
23 error If you do, this is most likely a problem with the icjia-simple-webpack package,
23 error not with npm itself.
23 error Tell the author that this fails on your system:
23 error     cross-env NODE_ENV=development webpack-dev-server --open --inline --hot
23 error You can get information on how to open an issue for this project with:
23 error     npm bugs icjia-simple-webpack
23 error Or if that isn't available, you can get their info via:
23 error     npm owner ls icjia-simple-webpack
23 error There is likely additional logging output above.
24 verbose exit [ 1, true ]
